/home/louis/Travail/SVN_COMPILE/Cb/Gcc750/wx305/Extensions/sdk2170/AddOnForQt/3.4.7/src/addonforqt.cpp:406: warning: no matching class member found for 
  void AddOnForQt::AddOnForQt::BuildModuleMenu(const ModuleType _type, wxMenu *_menu, const FileTreeData *_data)

/home/louis/Travail/SVN_COMPILE/Cb/Gcc750/wx305/Extensions/sdk2170/AddOnForQt/3.4.7/src/creater.cpp:126: warning: no matching class member found for 
  bool Creater::buildAllFiles(cbProject *_pProject, cb_unused bool _workspace, bool _allbuild)
Possible candidates:
  bool Creater::buildAllFiles(cbProject *_pProject, bool _workspace, bool _allbuild)
  bool Creater::buildAllFiles(cbProject *_pProject, bool _workspace, bool _allbuild)

/home/louis/Travail/SVN_COMPILE/Cb/Gcc750/wx305/Extensions/sdk2170/AddOnForQt/3.4.7/src/old/build.cpp:128: warning: no matching class member found for 
  bool Creater::buildAllFiles(cbProject *_pProject, cb_unused bool _workspace, bool _allbuild)
Possible candidates:
  bool Creater::buildAllFiles(cbProject *_pProject, bool _workspace, bool _allbuild)
  bool Creater::buildAllFiles(cbProject *_pProject, bool _workspace, bool _allbuild)

/home/louis/Travail/SVN_COMPILE/Cb/Gcc750/wx305/Extensions/sdk2170/AddOnForQt/3.4.7/src/old/build.cpp:1990: warning: member removeDir belongs to two different groups. The second one found here will be ignored.
/home/louis/Travail/SVN_COMPILE/Cb/Gcc750/wx305/Extensions/sdk2170/AddOnForQt/3.4.7/src/old/build.cpp:2020: warning: member filesTocreate belongs to two different groups. The second one found here will be ignored.
/home/louis/Travail/SVN_COMPILE/Cb/Gcc750/wx305/Extensions/sdk2170/AddOnForQt/3.4.7/src/old/build.cpp:2090: warning: member compareDate belongs to two different groups. The second one found here will be ignored.
/home/louis/Travail/SVN_COMPILE/Cb/Gcc750/wx305/Extensions/sdk2170/AddOnForQt/3.4.7/src/old/build.cpp:2112: warning: member modifyDate belongs to two different groups. The second one found here will be ignored.
/home/louis/Travail/SVN_COMPILE/Cb/Gcc750/wx305/Extensions/sdk2170/AddOnForQt/3.4.7/src/old/build.cpp:2146: warning: member createFiles belongs to two different groups. The second one found here will be ignored.
/home/louis/Travail/SVN_COMPILE/Cb/Gcc750/wx305/Extensions/sdk2170/AddOnForQt/3.4.7/src/old/build.cpp:2309: warning: member isNoFile belongs to two different groups. The second one found here will be ignored.
/home/louis/Travail/SVN_COMPILE/Cb/Gcc750/wx305/Extensions/sdk2170/AddOnForQt/3.4.7/src/old/build.cpp:2327: warning: member nfilesToCreate belongs to two different groups. The second one found here will be ignored.
/home/louis/Travail/SVN_COMPILE/Cb/Gcc750/wx305/Extensions/sdk2170/AddOnForQt/3.4.7/src/old/build.cpp:2350: warning: member createFileComplement belongs to two different groups. The second one found here will be ignored.
/home/louis/Travail/SVN_COMPILE/Cb/Gcc750/wx305/Extensions/sdk2170/AddOnForQt/3.4.7/src/old/build.cpp:2478: warning: member pathIncludeMoc belongs to two different groups. The second one found here will be ignored.
/home/louis/Travail/SVN_COMPILE/Cb/Gcc750/wx305/Extensions/sdk2170/AddOnForQt/3.4.7/src/old/build.cpp:2501: warning: member definesMoc belongs to two different groups. The second one found here will be ignored.
/home/louis/Travail/SVN_COMPILE/Cb/Gcc750/wx305/Extensions/sdk2170/AddOnForQt/3.4.7/src/old/build.cpp:2522: warning: member validCreated belongs to two different groups. The second one found here will be ignored.
/home/louis/Travail/SVN_COMPILE/Cb/Gcc750/wx305/Extensions/sdk2170/AddOnForQt/3.4.7/src/old/build.cpp:2555: warning: member executeAndGetOutputAndError belongs to two different groups. The second one found here will be ignored.
/home/louis/Travail/SVN_COMPILE/Cb/Gcc750/wx305/Extensions/sdk2170/AddOnForQt/3.4.7/src/addonforqt.cpp:250: warning: argument 'menuBar' of command @param is not found in the argument list of AddOnForQt::BuildMenu(wxMenuBar *_menuBar)
/home/louis/Travail/SVN_COMPILE/Cb/Gcc750/wx305/Extensions/sdk2170/AddOnForQt/3.4.7/src/addonforqt.cpp:259: warning: Invalid list item found
/home/louis/Travail/SVN_COMPILE/Cb/Gcc750/wx305/Extensions/sdk2170/AddOnForQt/3.4.7/src/addonforqt.h:101: warning: The following parameters of AddOnForQt::BuildMenu(wxMenuBar *_menuBar) are not documented:
  parameter '_menuBar'
/home/louis/Travail/SVN_COMPILE/Cb/Gcc750/wx305/Extensions/sdk2170/AddOnForQt/3.4.7/src/addonforqt.h:103: warning: argument 'type' of command @param is not found in the argument list of AddOnForQt::BuildModuleMenu(const ModuleType _type, wxMenu *_menu, const FileTreeData *_data=nullptr)
/home/louis/Travail/SVN_COMPILE/Cb/Gcc750/wx305/Extensions/sdk2170/AddOnForQt/3.4.7/src/addonforqt.h:103: warning: argument 'menu' of command @param is not found in the argument list of AddOnForQt::BuildModuleMenu(const ModuleType _type, wxMenu *_menu, const FileTreeData *_data=nullptr)
/home/louis/Travail/SVN_COMPILE/Cb/Gcc750/wx305/Extensions/sdk2170/AddOnForQt/3.4.7/src/addonforqt.h:103: warning: argument 'data' of command @param is not found in the argument list of AddOnForQt::BuildModuleMenu(const ModuleType _type, wxMenu *_menu, const FileTreeData *_data=nullptr)
/home/louis/Travail/SVN_COMPILE/Cb/Gcc750/wx305/Extensions/sdk2170/AddOnForQt/3.4.7/src/addonforqt.h:118: warning: The following parameters of AddOnForQt::BuildModuleMenu(const ModuleType _type, wxMenu *_menu, const FileTreeData *_data=nullptr) are not documented:
  parameter '_type'
  parameter '_menu'
  parameter '_data'
/home/louis/Travail/SVN_COMPILE/Cb/Gcc750/wx305/Extensions/sdk2170/AddOnForQt/3.4.7/src/addonforqt.h:120: warning: argument 'toolBar' of command @param is not found in the argument list of AddOnForQt::BuildToolBar(wxToolBar *_toolBar)
/home/louis/Travail/SVN_COMPILE/Cb/Gcc750/wx305/Extensions/sdk2170/AddOnForQt/3.4.7/src/addonforqt.h:128: warning: The following parameters of AddOnForQt::BuildToolBar(wxToolBar *_toolBar) are not documented:
  parameter '_toolBar'
/home/louis/Travail/SVN_COMPILE/Cb/Gcc750/wx305/Extensions/sdk2170/AddOnForQt/3.4.7/src/old/build.h:221: warning: argument '_contents' of command @param is not found in the argument list of Creater::q_object(const wxString &_filename, const wxString &_qt_macro)
/home/louis/Travail/SVN_COMPILE/Cb/Gcc750/wx305/Extensions/sdk2170/AddOnForQt/3.4.7/src/creater.cpp:1358: warning: argument '_first' of command @param is not found in the argument list of Creater::removeComplementToDisk(const wxString &_filename, bool _withobject=false)
/home/louis/Travail/SVN_COMPILE/Cb/Gcc750/wx305/Extensions/sdk2170/AddOnForQt/3.4.7/src/old/build.h:76: warning: argument '_first' of command @param is not found in the argument list of Creater::removeComplementToDisk(const wxString &_filename, bool _withobject=false)
/home/louis/Travail/SVN_COMPILE/Cb/Gcc750/wx305/Extensions/sdk2170/AddOnForQt/3.4.7/src/old/build.h:90: warning: argument '_oldTargetName' of command @param is not found in the argument list of Creater::unregisterAllComplementsToCB(const wxString &_oldtTargetName, cbProject *_pProject)
/home/louis/Travail/SVN_COMPILE/Cb/Gcc750/wx305/Extensions/sdk2170/AddOnForQt/3.4.7/src/old/build.h:95: warning: The following parameters of Creater::unregisterAllComplementsToCB(const wxString &_oldtTargetName, cbProject *_pProject) are not documented:
  parameter '_oldtTargetName'
/home/louis/Travail/SVN_COMPILE/Cb/Gcc750/wx305/Extensions/sdk2170/AddOnForQt/3.4.7/src/old/build.cpp:1224: warning: argument '_first' of command @param is not found in the argument list of Creater::unregisterComplementFile(wxString &_file)
/home/louis/Travail/SVN_COMPILE/Cb/Gcc750/wx305/Extensions/sdk2170/AddOnForQt/3.4.7/src/old/build.cpp:1239: warning: Invalid list item found
/home/louis/Travail/SVN_COMPILE/Cb/Gcc750/wx305/Extensions/sdk2170/AddOnForQt/3.4.7/src/old/build.h:69: warning: argument '_first' of command @param is not found in the argument list of Creater::unregisterComplementFile(wxString &_file)
/home/louis/Travail/SVN_COMPILE/Cb/Gcc750/wx305/Extensions/sdk2170/AddOnForQt/3.4.7/src/old/build.cpp:1180: warning: argument '_first' of command @param is not found in the argument list of Creater::unregisterCreatorFile(wxString &_file)
/home/louis/Travail/SVN_COMPILE/Cb/Gcc750/wx305/Extensions/sdk2170/AddOnForQt/3.4.7/src/creater.cpp:1168: warning: argument '_first' of command @param is not found in the argument list of Creater::unregisterCreatorFile(const wxString &_file)
/home/louis/Travail/SVN_COMPILE/Cb/Gcc750/wx305/Extensions/sdk2170/AddOnForQt/3.4.7/src/pre.cpp:68: warning: argument '_menuBar' of command @param is not found in the argument list of Pre::CallMenu(const wxMenuBar *_mbar, const wxString &_menuPath)
/home/louis/Travail/SVN_COMPILE/Cb/Gcc750/wx305/Extensions/sdk2170/AddOnForQt/3.4.7/src/pre.h:51: warning: The following parameters of Pre::CallMenu(const wxMenuBar *_mbar, const wxString &_menuPath) are not documented:
  parameter '_mbar'
/home/louis/Travail/SVN_COMPILE/Cb/Gcc750/wx305/Extensions/sdk2170/AddOnForQt/3.4.7/src/pre.cpp:539: warning: argument '_file' of command @param is not found in the argument list of Pre::isRegisteredToTarget(const wxString &_filename, wxString &_nametarget)
/home/louis/Travail/SVN_COMPILE/Cb/Gcc750/wx305/Extensions/sdk2170/AddOnForQt/3.4.7/src/pre.h:91: warning: The following parameters of Pre::isRegisteredToTarget(const wxString &_filename, wxString &_nametarget) are not documented:
  parameter '_filename'
